# JRE version: Java(TM) SE Runtime Environment (11.0.1+13) (build 11.0.1+13-LTS)
# Java VM: Java HotSpot(TM) 64-Bit Server VM (11.0.1+13-LTS, mixed mode, tiered, compressed oops, g1 gc, windows-amd64)
Heap:
 garbage-first heap   total 65536K, used 30608K [0x00000000c1c00000, 0x0000000100000000)
  region size 1024K, 12 young (12288K), 4 survivors (4096K)
 Metaspace       used 64396K, capacity 65967K, committed 66176K, reserved 1105920K
  class space    used 8158K, capacity 8786K, committed 8832K, reserved 1048576K
GC Heap History (10 events):
Event: 9.827 GC heap before
{Heap before GC invocations=12 (full 0):
 garbage-first heap   total 65536K, used 46937K [0x00000000c1c00000, 0x0000000100000000)
  region size 1024K, 34 young (34816K), 4 survivors (4096K)
 Metaspace       used 46225K, capacity 47258K, committed 47360K, reserved 1091584K
  class space    used 5710K, capacity 6139K, committed 6144K, reserved 1048576K
}
Event: 9.831 GC heap after
{Heap after GC invocations=13 (full 0):
 garbage-first heap   total 65536K, used 17144K [0x00000000c1c00000, 0x0000000100000000)
  region size 1024K, 3 young (3072K), 3 survivors (3072K)
 Metaspace       used 46225K, capacity 47258K, committed 47360K, reserved 1091584K
  class space    used 5710K, capacity 6139K, committed 6144K, reserved 1048576K
}
Event: 10.518 GC heap before
{Heap before GC invocations=13 (full 0):
 garbage-first heap   total 65536K, used 47864K [0x00000000c1c00000, 0x0000000100000000)
  region size 1024K, 33 young (33792K), 3 survivors (3072K)
 Metaspace       used 51808K, capacity 52877K, committed 53120K, reserved 1095680K
  class space    used 6480K, capacity 6922K, committed 7040K, reserved 1048576K
}
Event: 10.522 GC heap after
{Heap after GC invocations=14 (full 0):
 garbage-first heap   total 65536K, used 18526K [0x00000000c1c00000, 0x0000000100000000)
  region size 1024K, 3 young (3072K), 3 survivors (3072K)
 Metaspace       used 51808K, capacity 52877K, committed 53120K, reserved 1095680K
  class space    used 6480K, capacity 6922K, committed 7040K, reserved 1048576K
}
Event: 11.495 GC heap before
{Heap before GC invocations=14 (full 0):
 garbage-first heap   total 65536K, used 49246K [0x00000000c1c00000, 0x0000000100000000)
  region size 1024K, 33 young (33792K), 3 survivors (3072K)
 Metaspace       used 56285K, capacity 57443K, committed 57472K, reserved 1099776K
  class space    used 7083K, capacity 7526K, committed 7552K, reserved 1048576K
}
Event: 11.498 GC heap after
{Heap after GC invocations=15 (full 0):
 garbage-first heap   total 65536K, used 19773K [0x00000000c1c00000, 0x0000000100000000)
  region size 1024K, 4 young (4096K), 4 survivors (4096K)
 Metaspace       used 56285K, capacity 57443K, committed 57472K, reserved 1099776K
  class space    used 7083K, capacity 7526K, committed 7552K, reserved 1048576K
}
Event: 12.382 GC heap before
{Heap before GC invocations=15 (full 0):
 garbage-first heap   total 65536K, used 49469K [0x00000000c1c00000, 0x0000000100000000)
  region size 1024K, 34 young (34816K), 4 survivors (4096K)
 Metaspace       used 58693K, capacity 60025K, committed 60160K, reserved 1101824K
  class space    used 7432K, capacity 7979K, committed 8064K, reserved 1048576K
}
Event: 12.389 GC heap after
{Heap after GC invocations=16 (full 0):
 garbage-first heap   total 65536K, used 21814K [0x00000000c1c00000, 0x0000000100000000)
  region size 1024K, 5 young (5120K), 5 survivors (5120K)
 Metaspace       used 58693K, capacity 60025K, committed 60160K, reserved 1101824K
  class space    used 7432K, capacity 7979K, committed 8064K, reserved 1048576K
}
Event: 13.206 GC heap before
{Heap before GC invocations=17 (full 0):
 garbage-first heap   total 65536K, used 51510K [0x00000000c1c00000, 0x0000000100000000)
  region size 1024K, 34 young (34816K), 5 survivors (5120K)
 Metaspace       used 62781K, capacity 64230K, committed 64384K, reserved 1105920K
  class space    used 7977K, capacity 8546K, committed 8576K, reserved 1048576K
}
Event: 13.212 GC heap after
{Heap after GC invocations=18 (full 0):
 garbage-first heap   total 65536K, used 23440K [0x00000000c1c00000, 0x0000000100000000)
  region size 1024K, 4 young (4096K), 4 survivors (4096K)
 Metaspace       used 62781K, capacity 64230K, committed 64384K, reserved 1105920K
  class space    used 7977K, capacity 8546K, committed 8576K, reserved 1048576K
}

