# JRE version: Java(TM) SE Runtime Environment (11.0.1+13) (build 11.0.1+13-LTS)
# Java VM: Java HotSpot(TM) 64-Bit Server VM (11.0.1+13-LTS, mixed mode, tiered, compressed oops, g1 gc, windows-amd64)
Heap:
 garbage-first heap   total 78848K, used 25775K [0x00000000c1c00000, 0x0000000100000000)
  region size 1024K, 11 young (11264K), 5 survivors (5120K)
 Metaspace       used 58184K, capacity 59463K, committed 59648K, reserved 1101824K
  class space    used 7361K, capacity 7879K, committed 7936K, reserved 1048576K
GC Heap History (10 events):
Event: 6.208 GC heap before
{Heap before GC invocations=9 (full 0):
 garbage-first heap   total 65536K, used 42115K [0x00000000c1c00000, 0x0000000100000000)
  region size 1024K, 33 young (33792K), 4 survivors (4096K)
 Metaspace       used 34969K, capacity 35948K, committed 35968K, reserved 1081344K
  class space    used 4072K, capacity 4465K, committed 4480K, reserved 1048576K
}
Event: 6.214 GC heap after
{Heap after GC invocations=10 (full 0):
 garbage-first heap   total 65536K, used 14336K [0x00000000c1c00000, 0x0000000100000000)
  region size 1024K, 2 young (2048K), 2 survivors (2048K)
 Metaspace       used 34969K, capacity 35948K, committed 35968K, reserved 1081344K
  class space    used 4072K, capacity 4465K, committed 4480K, reserved 1048576K
}
Event: 7.377 GC heap before
{Heap before GC invocations=11 (full 0):
 garbage-first heap   total 65536K, used 46080K [0x00000000c1c00000, 0x0000000100000000)
  region size 1024K, 33 young (33792K), 2 survivors (2048K)
 Metaspace       used 41646K, capacity 42697K, committed 43008K, reserved 1087488K
  class space    used 4859K, capacity 5283K, committed 5376K, reserved 1048576K
}
Event: 7.382 GC heap after
{Heap after GC invocations=12 (full 0):
 garbage-first heap   total 78848K, used 16160K [0x00000000c1c00000, 0x0000000100000000)
  region size 1024K, 4 young (4096K), 4 survivors (4096K)
 Metaspace       used 41646K, capacity 42697K, committed 43008K, reserved 1087488K
  class space    used 4859K, capacity 5283K, committed 5376K, reserved 1048576K
}
Event: 10.020 GC heap before
{Heap before GC invocations=12 (full 0):
 garbage-first heap   total 78848K, used 50976K [0x00000000c1c00000, 0x0000000100000000)
  region size 1024K, 38 young (38912K), 4 survivors (4096K)
 Metaspace       used 47677K, capacity 48764K, committed 48896K, reserved 1091584K
  class space    used 5864K, capacity 6302K, committed 6400K, reserved 1048576K
}
Event: 10.023 GC heap after
{Heap after GC invocations=13 (full 0):
 garbage-first heap   total 78848K, used 17096K [0x00000000c1c00000, 0x0000000100000000)
  region size 1024K, 4 young (4096K), 4 survivors (4096K)
 Metaspace       used 47677K, capacity 48764K, committed 48896K, reserved 1091584K
  class space    used 5864K, capacity 6302K, committed 6400K, reserved 1048576K
}
Event: 11.420 GC heap before
{Heap before GC invocations=13 (full 0):
 garbage-first heap   total 78848K, used 52936K [0x00000000c1c00000, 0x0000000100000000)
  region size 1024K, 39 young (39936K), 4 survivors (4096K)
 Metaspace       used 53357K, capacity 54439K, committed 54656K, reserved 1097728K
  class space    used 6736K, capacity 7188K, committed 7296K, reserved 1048576K
}
Event: 11.424 GC heap after
{Heap after GC invocations=14 (full 0):
 garbage-first heap   total 78848K, used 18501K [0x00000000c1c00000, 0x0000000100000000)
  region size 1024K, 3 young (3072K), 3 survivors (3072K)
 Metaspace       used 53357K, capacity 54439K, committed 54656K, reserved 1097728K
  class space    used 6736K, capacity 7188K, committed 7296K, reserved 1048576K
}
Event: 15.559 GC heap before
{Heap before GC invocations=14 (full 0):
 garbage-first heap   total 78848K, used 58437K [0x00000000c1c00000, 0x0000000100000000)
  region size 1024K, 42 young (43008K), 3 survivors (3072K)
 Metaspace       used 57606K, capacity 58885K, committed 59008K, reserved 1099776K
  class space    used 7281K, capacity 7793K, committed 7808K, reserved 1048576K
}
Event: 15.565 GC heap after
{Heap after GC invocations=15 (full 0):
 garbage-first heap   total 78848K, used 20655K [0x00000000c1c00000, 0x0000000100000000)
  region size 1024K, 5 young (5120K), 5 survivors (5120K)
 Metaspace       used 57606K, capacity 58885K, committed 59008K, reserved 1099776K
  class space    used 7281K, capacity 7793K, committed 7808K, reserved 1048576K
}

