# JRE version: Java(TM) SE Runtime Environment (11.0.1+13) (build 11.0.1+13-LTS)
# Java VM: Java HotSpot(TM) 64-Bit Server VM (11.0.1+13-LTS, mixed mode, tiered, compressed oops, g1 gc, windows-amd64)
Heap:
 garbage-first heap   total 65536K, used 42494K [0x00000000c1c00000, 0x0000000100000000)
  region size 1024K, 18 young (18432K), 3 survivors (3072K)
 Metaspace       used 73385K, capacity 75116K, committed 75164K, reserved 1114112K
  class space    used 9309K, capacity 9986K, committed 10008K, reserved 1048576K
GC Heap History (10 events):
Event: 16.042 GC heap before
{Heap before GC invocations=15 (full 0):
 garbage-first heap   total 65536K, used 48061K [0x00000000c1c00000, 0x0000000100000000)
  region size 1024K, 33 young (33792K), 4 survivors (4096K)
 Metaspace       used 59123K, capacity 60274K, committed 60368K, reserved 1101824K
  class space    used 7506K, capacity 7999K, committed 8012K, reserved 1048576K
}
Event: 16.047 GC heap after
{Heap after GC invocations=16 (full 0):
 garbage-first heap   total 65536K, used 20836K [0x00000000c1c00000, 0x0000000100000000)
  region size 1024K, 4 young (4096K), 4 survivors (4096K)
 Metaspace       used 59123K, capacity 60274K, committed 60368K, reserved 1101824K
  class space    used 7506K, capacity 7999K, committed 8012K, reserved 1048576K
}
Event: 16.704 GC heap before
{Heap before GC invocations=17 (full 0):
 garbage-first heap   total 65536K, used 50532K [0x00000000c1c00000, 0x0000000100000000)
  region size 1024K, 33 young (33792K), 4 survivors (4096K)
 Metaspace       used 63305K, capacity 64697K, committed 64924K, reserved 1105920K
  class space    used 8066K, capacity 8621K, committed 8728K, reserved 1048576K
}
Event: 16.709 GC heap after
{Heap after GC invocations=18 (full 0):
 garbage-first heap   total 65536K, used 23447K [0x00000000c1c00000, 0x0000000100000000)
  region size 1024K, 5 young (5120K), 5 survivors (5120K)
 Metaspace       used 63305K, capacity 64697K, committed 64924K, reserved 1105920K
  class space    used 8066K, capacity 8621K, committed 8728K, reserved 1048576K
}
Event: 17.582 GC heap before
{Heap before GC invocations=18 (full 0):
 garbage-first heap   total 65536K, used 52119K [0x00000000c1c00000, 0x0000000100000000)
  region size 1024K, 33 young (33792K), 5 survivors (5120K)
 Metaspace       used 66089K, capacity 67561K, committed 67868K, reserved 1107968K
  class space    used 8434K, capacity 9013K, committed 9112K, reserved 1048576K
}
Event: 17.588 GC heap after
{Heap after GC invocations=19 (full 0):
 garbage-first heap   total 65536K, used 25664K [0x00000000c1c00000, 0x0000000100000000)
  region size 1024K, 3 young (3072K), 3 survivors (3072K)
 Metaspace       used 66089K, capacity 67561K, committed 67868K, reserved 1107968K
  class space    used 8434K, capacity 9013K, committed 9112K, reserved 1048576K
}
Event: 18.965 GC heap before
{Heap before GC invocations=19 (full 0):
 garbage-first heap   total 65536K, used 52288K [0x00000000c1c00000, 0x0000000100000000)
  region size 1024K, 29 young (29696K), 3 survivors (3072K)
 Metaspace       used 69515K, capacity 71147K, committed 71452K, reserved 1112064K
  class space    used 8900K, capacity 9518K, committed 9624K, reserved 1048576K
}
Event: 18.969 GC heap after
{Heap after GC invocations=20 (full 0):
 garbage-first heap   total 65536K, used 27190K [0x00000000c1c00000, 0x0000000100000000)
  region size 1024K, 4 young (4096K), 4 survivors (4096K)
 Metaspace       used 69515K, capacity 71147K, committed 71452K, reserved 1112064K
  class space    used 8900K, capacity 9518K, committed 9624K, reserved 1048576K
}
Event: 50.654 GC heap before
{Heap before GC invocations=20 (full 0):
 garbage-first heap   total 65536K, used 51766K [0x00000000c1c00000, 0x0000000100000000)
  region size 1024K, 29 young (29696K), 4 survivors (4096K)
 Metaspace       used 72690K, capacity 74404K, committed 74652K, reserved 1114112K
  class space    used 9237K, capacity 9898K, committed 10008K, reserved 1048576K
}
Event: 50.658 GC heap after
{Heap after GC invocations=21 (full 0):
 garbage-first heap   total 65536K, used 28158K [0x00000000c1c00000, 0x0000000100000000)
  region size 1024K, 3 young (3072K), 3 survivors (3072K)
 Metaspace       used 72690K, capacity 74404K, committed 74652K, reserved 1114112K
  class space    used 9237K, capacity 9898K, committed 10008K, reserved 1048576K
}

